<?xml version="1.0" encoding="UTF-8"?>
<!-- Generated by org.testng.reporters.JUnitXMLReporter -->
<testsuite ignored="0" hostname="lalit-ritu" failures="0" tests="4" name="Default test" time="48.295" errors="0" timestamp="19 Sep 2022 14:28:00 GMT">
  <testcase classname="com.amazon.tests.test.AmazonHomePageTest" name="testTitle" time="0.034"/>
  <testcase classname="com.amazon.tests.test.AmazonHomePageTest" name="testSearchBox" time="0.321"/>
  <testcase classname="com.amazon.tests.test.AmazonHomePageTest" name="testSubmitButton" time="8.536"/>
  <testcase classname="com.amazon.tests.test.AmazonHomePageTest" name="testSchoolBagLink" time="10.95"/>
</testsuite> <!-- Default test -->
