<?xml version="1.0" encoding="UTF-8"?>
<testng-results ignored="0" total="4" passed="4" failed="0" skipped="0">
  <reporter-output>
  </reporter-output>
  <suite started-at="2022-09-19T14:27:12Z" name="Default suite" finished-at="2022-09-19T14:28:00Z" duration-ms="48295">
    <groups>
    </groups>
    <test started-at="2022-09-19T14:27:12Z" name="Default test" finished-at="2022-09-19T14:28:00Z" duration-ms="48295">
      <class name="com.amazon.tests.test.AmazonHomePageTest">
        <test-method is-config="true" signature="initializeObject()[pri:0, instance:com.amazon.tests.test.AmazonHomePageTest@6c2ed0cd]" started-at="2022-09-19T14:27:12Z" name="initializeObject" finished-at="2022-09-19T14:27:39Z" duration-ms="27415" status="PASS">
          <reporter-output>
          </reporter-output>
        </test-method> <!-- initializeObject -->
        <test-method signature="testTitle()[pri:1, instance:com.amazon.tests.test.AmazonHomePageTest@6c2ed0cd]" started-at="2022-09-19T14:27:39Z" name="testTitle" finished-at="2022-09-19T14:27:39Z" duration-ms="34" status="PASS">
          <reporter-output>
          </reporter-output>
        </test-method> <!-- testTitle -->
        <test-method signature="testSearchBox()[pri:2, instance:com.amazon.tests.test.AmazonHomePageTest@6c2ed0cd]" started-at="2022-09-19T14:27:39Z" name="testSearchBox" finished-at="2022-09-19T14:27:39Z" duration-ms="321" status="PASS">
          <reporter-output>
          </reporter-output>
        </test-method> <!-- testSearchBox -->
        <test-method signature="testSubmitButton()[pri:3, instance:com.amazon.tests.test.AmazonHomePageTest@6c2ed0cd]" started-at="2022-09-19T14:27:39Z" name="testSubmitButton" finished-at="2022-09-19T14:27:48Z" duration-ms="8536" status="PASS">
          <reporter-output>
          </reporter-output>
        </test-method> <!-- testSubmitButton -->
        <test-method signature="testSchoolBagLink()[pri:4, instance:com.amazon.tests.test.AmazonHomePageTest@6c2ed0cd]" started-at="2022-09-19T14:27:48Z" name="testSchoolBagLink" finished-at="2022-09-19T14:27:59Z" duration-ms="10950" status="PASS">
          <reporter-output>
          </reporter-output>
        </test-method> <!-- testSchoolBagLink -->
        <test-method is-config="true" signature="tearDown()[pri:0, instance:com.amazon.tests.test.AmazonHomePageTest@6c2ed0cd]" started-at="2022-09-19T14:27:59Z" name="tearDown" finished-at="2022-09-19T14:28:00Z" duration-ms="980" status="PASS">
          <reporter-output>
          </reporter-output>
        </test-method> <!-- tearDown -->
      </class> <!-- com.amazon.tests.test.AmazonHomePageTest -->
    </test> <!-- Default test -->
  </suite> <!-- Default suite -->
</testng-results>
